<?xml version="1.0" encoding="UTF-8"?>
<!-- Generated by org.testng.reporters.JUnitReportReporter -->
<testsuite hostname="Dewans-MBP.lan" failures="0" tests="1" name="pages.HomePageTest" time="10.523" errors="0" timestamp="2024-06-06T19:42:08 EDT" skipped="0">
  <testcase classname="pages.HomePageTest" name="clickgethelp" time="10.523"/>
  <system-out/>
</testsuite> <!-- pages.HomePageTest -->
