<?xml version="1.0" encoding="UTF-8"?>
<!-- Generated by org.testng.reporters.JUnitReportReporter -->
<testsuite hostname="Dewans-MBP.lan" failures="0" tests="1" name="pages.HomePageTest" time="8.770" errors="0" timestamp="2024-06-09T22:50:00 EDT" skipped="0">
  <testcase classname="pages.HomePageTest" name="inputTextInusernameAndpasswordFieldThenClicksignIn" time="8.770"/>
  <system-out>
    <![CDATA[[[FirefoxDriver: firefox on mac (5ab37595-0313-4def-b620-e93864ae24ff)] -> xpath: //*[@id="submit"]]<---------> has been clicked<br>]]>
  </system-out>
</testsuite> <!-- pages.HomePageTest -->
