<?xml version="1.0" encoding="UTF-8"?>
<!-- Generated by org.testng.reporters.JUnitReportReporter -->
<testsuite hostname="Dewans-MBP.lan" failures="0" tests="1" name="pages.HomePageTest" time="95.953" errors="0" timestamp="2024-06-17T04:59:55 EDT" skipped="0">
  <testcase classname="pages.HomePageTest" name="use_of_clear_in_login" time="95.953"/>
  <system-out>
    <![CDATA[[[EdgeDriver: MicrosoftEdge on mac (78bf9b599aaf9a23b3913c5b1ee29399)] -> xpath: //input[@class='jsreq']]<---------> is Displayed, true<br>
February 2024 QA Bootcamp <-----> has been put into <-----> [[EdgeDriver: MicrosoftEdge on mac (78bf9b599aaf9a23b3913c5b1ee29399)] -> xpath: //input[@class='jsreq']]<br>
Sleeping ... zZz 13<br>
Sleeping ... zZz 15<br>
ahmad dewan 2024 <-----> has been put into <-----> [[EdgeDriver: MicrosoftEdge on mac (78bf9b599aaf9a23b3913c5b1ee29399)] -> xpath: //input[@class='jsreq']]<br>
Sleeping ... zZz 3<br>
[[EdgeDriver: MicrosoftEdge on mac (78bf9b599aaf9a23b3913c5b1ee29399)] -> xpath: //*[@id="Password"]]<---------> is Displayed, true<br>
Abc@123a <-----> has been put into <-----> [[EdgeDriver: MicrosoftEdge on mac (78bf9b599aaf9a23b3913c5b1ee29399)] -> xpath: //*[@id="Password"]]<br>
Sleeping ... zZz 3<br>
Sleeping ... zZz 15<br>
Abc@123abcd <-----> has been put into <-----> [[EdgeDriver: MicrosoftEdge on mac (78bf9b599aaf9a23b3913c5b1ee29399)] -> xpath: //*[@id="Password"]]<br>
Sleeping ... zZz 3<br>
Sleeping ... zZz 3<br>
[[EdgeDriver: MicrosoftEdge on mac (78bf9b599aaf9a23b3913c5b1ee29399)] -> xpath: //*[@id="submit"]]<---------> is Enabled, true<br>
[[EdgeDriver: MicrosoftEdge on mac (78bf9b599aaf9a23b3913c5b1ee29399)] -> xpath: //*[@id="submit"]]<---------> has been clicked<br>
Sleeping ... zZz 3<br>]]>
  </system-out>
</testsuite> <!-- pages.HomePageTest -->
