<?xml version="1.0" encoding="UTF-8"?>
<!-- Generated by org.testng.reporters.JUnitReportReporter -->
<testsuite hostname="Dewans-MBP.lan" failures="0" tests="1" name="pages.HomePageTest" time="4.739" errors="0" timestamp="2024-06-07T05:03:34 EDT" skipped="0">
  <testcase classname="pages.HomePageTest" name="clickbill" time="4.739"/>
  <system-out/>
</testsuite> <!-- pages.HomePageTest -->
